# JRE version: OpenJDK Runtime Environment (8.0_144-b01) (build 1.8.0_144-b01)
# Java VM: OpenJDK 64-Bit Server VM (25.144-b01 mixed mode linux-amd64 compressed oops)
Heap:
 PSYoungGen      total 176640K, used 28331K [0x00000000eab00000, 0x00000000f7f80000, 0x0000000100000000)
  eden space 147968K, 3% used [0x00000000eab00000,0x00000000eaf76440,0x00000000f3b80000)
  from space 28672K, 82% used [0x00000000f3b80000,0x00000000f52b47e0,0x00000000f5780000)
  to   space 30720K, 0% used [0x00000000f6180000,0x00000000f6180000,0x00000000f7f80000)
 ParOldGen       total 152576K, used 30087K [0x00000000c0000000, 0x00000000c9500000, 0x00000000eab00000)
  object space 152576K, 19% used [0x00000000c0000000,0x00000000c1d61c30,0x00000000c9500000)
 Metaspace       used 57343K, capacity 58816K, committed 59224K, reserved 1101824K
  class space    used 6422K, capacity 6737K, committed 7040K, reserved 1048576K
GC Heap History (10 events):
Event: 722,785 GC heap before
{Heap before GC invocations=16 (full 2):
 PSYoungGen      total 165376K, used 107954K [0x00000000eab00000, 0x00000000f7b00000, 0x0000000100000000)
  eden space 135168K, 68% used [0x00000000eab00000,0x00000000f04ff7a0,0x00000000f2f00000)
  from space 30208K, 52% used [0x00000000f2f00000,0x00000000f3e6d188,0x00000000f4c80000)
  to   space 29184K, 0% used [0x00000000f5e80000,0x00000000f5e80000,0x00000000f7b00000)
 ParOldGen       total 102400K, used 50234K [0x00000000c0000000, 0x00000000c6400000, 0x00000000eab00000)
  object space 102400K, 49% used [0x00000000c0000000,0x00000000c310e938,0x00000000c6400000)
 Metaspace       used 56945K, capacity 58806K, committed 58968K, reserved 1101824K
  class space    used 6534K, capacity 6922K, committed 7040K, reserved 1048576K
Event: 722,815 GC heap after
Heap after GC invocations=16 (full 2):
 PSYoungGen      total 149504K, used 18149K [0x00000000eab00000, 0x00000000f7080000, 0x0000000100000000)
  eden space 131072K, 0% used [0x00000000eab00000,0x00000000eab00000,0x00000000f2b00000)
  from space 18432K, 98% used [0x00000000f5e80000,0x00000000f7039678,0x00000000f7080000)
  to   space 29184K, 0% used [0x00000000f3780000,0x00000000f3780000,0x00000000f5400000)
 ParOldGen       total 102400K, used 50242K [0x00000000c0000000, 0x00000000c6400000, 0x00000000eab00000)
  object space 102400K, 49% used [0x00000000c0000000,0x00000000c3110938,0x00000000c6400000)
 Metaspace       used 56945K, capacity 58806K, committed 58968K, reserved 1101824K
  class space    used 6534K, capacity 6922K, committed 7040K, reserved 1048576K
}
Event: 722,815 GC heap before
{Heap before GC invocations=17 (full 3):
 PSYoungGen      total 149504K, used 18149K [0x00000000eab00000, 0x00000000f7080000, 0x0000000100000000)
  eden space 131072K, 0% used [0x00000000eab00000,0x00000000eab00000,0x00000000f2b00000)
  from space 18432K, 98% used [0x00000000f5e80000,0x00000000f7039678,0x00000000f7080000)
  to   space 29184K, 0% used [0x00000000f3780000,0x00000000f3780000,0x00000000f5400000)
 ParOldGen       total 102400K, used 50242K [0x00000000c0000000, 0x00000000c6400000, 0x00000000eab00000)
  object space 102400K, 49% used [0x00000000c0000000,0x00000000c3110938,0x00000000c6400000)
 Metaspace       used 56945K, capacity 58806K, committed 58968K, reserved 1101824K
  class space    used 6534K, capacity 6922K, committed 7040K, reserved 1048576K
Event: 722,967 GC heap after
Heap after GC invocations=17 (full 3):
 PSYoungGen      total 149504K, used 0K [0x00000000eab00000, 0x00000000f7080000, 0x0000000100000000)
  eden space 131072K, 0% used [0x00000000eab00000,0x00000000eab00000,0x00000000f2b00000)
  from space 18432K, 0% used [0x00000000f5e80000,0x00000000f5e80000,0x00000000f7080000)
  to   space 29184K, 0% used [0x00000000f3780000,0x00000000f3780000,0x00000000f5400000)
 ParOldGen       total 152576K, used 30063K [0x00000000c0000000, 0x00000000c9500000, 0x00000000eab00000)
  object space 152576K, 19% used [0x00000000c0000000,0x00000000c1d5bc30,0x00000000c9500000)
 Metaspace       used 55134K, capacity 56324K, committed 58968K, reserved 1101824K
  class space    used 6358K, capacity 6636K, committed 7040K, reserved 1048576K
}
Event: 749,292 GC heap before
{Heap before GC invocations=18 (full 3):
 PSYoungGen      total 149504K, used 131072K [0x00000000eab00000, 0x00000000f7080000, 0x0000000100000000)
  eden space 131072K, 100% used [0x00000000eab00000,0x00000000f2b00000,0x00000000f2b00000)
  from space 18432K, 0% used [0x00000000f5e80000,0x00000000f5e80000,0x00000000f7080000)
  to   space 29184K, 0% used [0x00000000f3780000,0x00000000f3780000,0x00000000f5400000)
 ParOldGen       total 152576K, used 30063K [0x00000000c0000000, 0x00000000c9500000, 0x00000000eab00000)
  object space 152576K, 19% used [0x00000000c0000000,0x00000000c1d5bc30,0x00000000c9500000)
 Metaspace       used 55874K, capacity 57230K, committed 58968K, reserved 1101824K
  class space    used 6405K, capacity 6720K, committed 7040K, reserved 1048576K
Event: 749,298 GC heap after
Heap after GC invocations=18 (full 3):
 PSYoungGen      total 173056K, used 6125K [0x00000000eab00000, 0x00000000f7400000, 0x0000000100000000)
  eden space 143872K, 0% used [0x00000000eab00000,0x00000000eab00000,0x00000000f3780000)
  from space 29184K, 20% used [0x00000000f3780000,0x00000000f3d7b748,0x00000000f5400000)
  to   space 29184K, 0% used [0x00000000f5780000,0x00000000f5780000,0x00000000f7400000)
 ParOldGen       total 152576K, used 30071K [0x00000000c0000000, 0x00000000c9500000, 0x00000000eab00000)
  object space 152576K, 19% used [0x00000000c0000000,0x00000000c1d5dc30,0x00000000c9500000)
 Metaspace       used 55874K, capacity 57230K, committed 58968K, reserved 1101824K
  class space    used 6405K, capacity 6720K, committed 7040K, reserved 1048576K
}
Event: 778,903 GC heap before
{Heap before GC invocations=19 (full 3):
 PSYoungGen      total 173056K, used 149997K [0x00000000eab00000, 0x00000000f7400000, 0x0000000100000000)
  eden space 143872K, 100% used [0x00000000eab00000,0x00000000f3780000,0x00000000f3780000)
  from space 29184K, 20% used [0x00000000f3780000,0x00000000f3d7b748,0x00000000f5400000)
  to   space 29184K, 0% used [0x00000000f5780000,0x00000000f5780000,0x00000000f7400000)
 ParOldGen       total 152576K, used 30071K [0x00000000c0000000, 0x00000000c9500000, 0x00000000eab00000)
  object space 152576K, 19% used [0x00000000c0000000,0x00000000c1d5dc30,0x00000000c9500000)
 Metaspace       used 56702K, capacity 58084K, committed 58968K, reserved 1101824K
  class space    used 6410K, capacity 6721K, committed 7040K, reserved 1048576K
Event: 778,913 GC heap after
Heap after GC invocations=19 (full 3):
 PSYoungGen      total 177152K, used 15445K [0x00000000eab00000, 0x00000000f7d80000, 0x0000000100000000)
  eden space 147968K, 0% used [0x00000000eab00000,0x00000000eab00000,0x00000000f3b80000)
  from space 29184K, 52% used [0x00000000f5780000,0x00000000f6695428,0x00000000f7400000)
  to   space 28672K, 0% used [0x00000000f3b80000,0x00000000f3b80000,0x00000000f5780000)
 ParOldGen       total 152576K, used 30079K [0x00000000c0000000, 0x00000000c9500000, 0x00000000eab00000)
  object space 152576K, 19% used [0x00000000c0000000,0x00000000c1d5fc30,0x00000000c9500000)
 Metaspace       used 56702K, capacity 58084K, committed 58968K, reserved 1101824K
  class space    used 6410K, capacity 6721K, committed 7040K, reserved 1048576K
}
Event: 823,092 GC heap before
{Heap before GC invocations=20 (full 3):
 PSYoungGen      total 177152K, used 163413K [0x00000000eab00000, 0x00000000f7d80000, 0x0000000100000000)
  eden space 147968K, 100% used [0x00000000eab00000,0x00000000f3b80000,0x00000000f3b80000)
  from space 29184K, 52% used [0x00000000f5780000,0x00000000f6695428,0x00000000f7400000)
  to   space 28672K, 0% used [0x00000000f3b80000,0x00000000f3b80000,0x00000000f5780000)
 ParOldGen       total 152576K, used 30079K [0x00000000c0000000, 0x00000000c9500000, 0x00000000eab00000)
  object space 152576K, 19% used [0x00000000c0000000,0x00000000c1d5fc30,0x00000000c9500000)
 Metaspace       used 57335K, capacity 58752K, committed 59224K, reserved 1101824K
  class space    used 6422K, capacity 6737K, committed 7040K, reserved 1048576K
Event: 823,104 GC heap after
Heap after GC invocations=20 (full 3):
 PSYoungGen      total 176640K, used 23761K [0x00000000eab00000, 0x00000000f7f80000, 0x0000000100000000)
  eden space 147968K, 0% used [0x00000000eab00000,0x00000000eab00000,0x00000000f3b80000)
  from space 28672K, 82% used [0x00000000f3b80000,0x00000000f52b47e0,0x00000000f5780000)
  to   space 30720K, 0% used [0x00000000f6180000,0x00000000f6180000,0x00000000f7f80000)
 ParOldGen       total 152576K, used 30087K [0x00000000c0000000, 0x00000000c9500000, 0x00000000eab00000)
  object space 152576K, 19% used [0x00000000c0000000,0x00000000c1d61c30,0x00000000c9500000)
 Metaspace       used 57335K, capacity 58752K, committed 59224K, reserved 1101824K
  class space    used 6422K, capacity 6737K, committed 7040K, reserved 1048576K
}

